[18:32:26] [main/INFO]: Reloading ResourceManager: Default, bukkit
[18:32:26] [Worker-Main-5/INFO]: Loaded 7 recipes
[18:32:27] [Server thread/INFO]: Starting minecraft server version 1.16.5
[18:32:27] [Server thread/INFO]: Loading properties
[18:32:27] [Server thread/INFO]: This server is running Paper version git-Paper-503 (MC: 1.16.5) (Implementing API version 1.16.5-R0.1-SNAPSHOT)
[18:32:27] [Server thread/INFO]: Server Ping Player Sample Count: 12
[18:32:27] [Server thread/INFO]: Using 4 threads for Netty based IO
[18:32:27] [Server thread/INFO]: Debug logging is disabled
[18:32:27] [Server thread/INFO]: Default game type: SURVIVAL
[18:32:27] [Server thread/INFO]: Generating keypair
[18:32:27] [Server thread/INFO]: Starting Minecraft server on *:25565
[18:32:27] [Server thread/INFO]: Using epoll channel type
[18:32:28] [Server thread/INFO]: [CustomizedChat] Loading CustomizedChat v1.0-SNAPSHOT
[18:32:28] [Server thread/INFO]: Server permissions file permissions.yml is empty, ignoring it
[18:32:28] [Server thread/INFO]: Preparing level "world"
[18:32:28] [Server thread/INFO]: Preparing start region for dimension minecraft:overworld
[18:32:28] [Server thread/INFO]: Loaded 0 spawn chunks for world world
[18:32:28] [Server thread/INFO]: Preparing spawn area: 0%
[18:32:28] [Server thread/INFO]: Time elapsed: 462 ms
[18:32:28] [Server thread/INFO]: Preparing start region for dimension minecraft:the_nether
[18:32:28] [Server thread/INFO]: Loaded 0 spawn chunks for world world_nether
[18:32:28] [Server thread/INFO]: Preparing spawn area: 0%
[18:32:28] [Server thread/INFO]: Time elapsed: 213 ms
[18:32:28] [Server thread/INFO]: Preparing start region for dimension minecraft:the_end
[18:32:28] [Server thread/INFO]: Loaded 0 spawn chunks for world world_the_end
[18:32:28] [Server thread/INFO]: Preparing spawn area: 0%
[18:32:28] [Server thread/INFO]: Time elapsed: 68 ms
[18:32:28] [Server thread/INFO]: [CustomizedChat] Enabling CustomizedChat v1.0-SNAPSHOT
[18:32:29] [Server thread/INFO]: Running delayed init tasks
[18:32:29] [Server thread/INFO]: Done (1.407s)! For help, type "help"
[18:32:29] [Server thread/INFO]: Timings Reset
[18:33:00] [User Authenticator #1/INFO]: UUID of player PlanetBuild3r is e5e4acd8-4f81-4872-929a-21e0bb74f8d7
[18:33:00] [Server thread/ERROR]: Could not pass event PlayerJoinEvent to CustomizedChat v1.0-SNAPSHOT
java.lang.NullPointerException: Cannot invoke "de.planetbuilder.customizedchat.data.CCPlayerData.getJoinMessagePrefix()" because the return value of "java.util.HashMap.get(Object)" is null
	at de.planetbuilder.customizedchat.listeners.ListenerJoin.onJoin(ListenerJoin.java:15) ~[?:?]
	at com.destroystokyo.paper.event.executor.asm.generated.GeneratedEventExecutor1.execute(Unknown Source) ~[?:?]
	at org.bukkit.plugin.EventExecutor.lambda$create$1(EventExecutor.java:69) ~[patched_1.16.5.jar:git-Paper-503]
	at co.aikar.timings.TimedEventExecutor.execute(TimedEventExecutor.java:80) ~[patched_1.16.5.jar:git-Paper-503]
	at org.bukkit.plugin.RegisteredListener.callEvent(RegisteredListener.java:70) ~[patched_1.16.5.jar:git-Paper-503]
	at org.bukkit.plugin.SimplePluginManager.callEvent(SimplePluginManager.java:607) ~[patched_1.16.5.jar:git-Paper-503]
	at net.minecraft.server.v1_16_R3.PlayerList.postChunkLoadJoin(PlayerList.java:275) ~[patched_1.16.5.jar:git-Paper-503]
	at net.minecraft.server.v1_16_R3.PlayerList.lambda$null$1(PlayerList.java:222) ~[patched_1.16.5.jar:git-Paper-503]
	at net.minecraft.server.v1_16_R3.PlayerConnection.tick(PlayerConnection.java:169) ~[patched_1.16.5.jar:git-Paper-503]
	at net.minecraft.server.v1_16_R3.NetworkManager.a(NetworkManager.java:390) ~[patched_1.16.5.jar:git-Paper-503]
	at net.minecraft.server.v1_16_R3.ServerConnection.c(ServerConnection.java:145) ~[patched_1.16.5.jar:git-Paper-503]
	at net.minecraft.server.v1_16_R3.MinecraftServer.b(MinecraftServer.java:1387) ~[patched_1.16.5.jar:git-Paper-503]
	at net.minecraft.server.v1_16_R3.DedicatedServer.b(DedicatedServer.java:377) ~[patched_1.16.5.jar:git-Paper-503]
	at net.minecraft.server.v1_16_R3.MinecraftServer.a(MinecraftServer.java:1214) ~[patched_1.16.5.jar:git-Paper-503]
	at net.minecraft.server.v1_16_R3.MinecraftServer.w(MinecraftServer.java:1002) ~[patched_1.16.5.jar:git-Paper-503]
	at net.minecraft.server.v1_16_R3.MinecraftServer.lambda$a$0(MinecraftServer.java:175) ~[patched_1.16.5.jar:git-Paper-503]
	at java.lang.Thread.run(Thread.java:832) [?:?]
[18:33:00] [Server thread/INFO]: PlanetBuild3r joined the game
[18:33:00] [Server thread/INFO]: PlanetBuild3r[/127.0.0.1:45716] logged in with entity id 190 at ([world]810.2853953900187, 76.22489744717144, -305.9531451139649)
[18:33:06] [Server thread/INFO]: PlanetBuild3r issued server command: /setquitmessage
[18:33:38] [Server thread/INFO]: PlanetBuild3r issued server command: /stop
[18:33:38] [Server thread/INFO]: [PlanetBuild3r: Stopping the server]
[18:33:38] [Server thread/INFO]: Stopping server
[18:33:38] [Server thread/INFO]: [CustomizedChat] Disabling CustomizedChat v1.0-SNAPSHOT
[18:33:38] [Server thread/INFO]: Saving players
[18:33:38] [Server thread/INFO]: PlanetBuild3r lost connection: Server closed
[18:33:38] [Server thread/INFO]: PlanetBuild3r left the game
[18:33:38] [Server thread/INFO]: Saving worlds
[18:33:38] [Server thread/INFO]: Saving chunks for level 'ServerLevel[world]'/minecraft:overworld
[18:33:39] [Server thread/INFO]: ThreadedAnvilChunkStorage (world): All chunks are saved
[18:33:39] [Server thread/INFO]: Saving chunks for level 'ServerLevel[world_nether]'/minecraft:the_nether
[18:33:40] [Server thread/INFO]: ThreadedAnvilChunkStorage (DIM-1): All chunks are saved
[18:33:40] [Server thread/INFO]: Saving chunks for level 'ServerLevel[world_the_end]'/minecraft:the_end
[18:33:40] [Server thread/INFO]: ThreadedAnvilChunkStorage (DIM1): All chunks are saved
[18:33:40] [Server thread/INFO]: ThreadedAnvilChunkStorage (world): All chunks are saved
[18:33:40] [Server thread/INFO]: ThreadedAnvilChunkStorage (DIM-1): All chunks are saved
[18:33:40] [Server thread/INFO]: ThreadedAnvilChunkStorage (DIM1): All chunks are saved
[18:33:40] [Server thread/INFO]: Flushing Chunk IO
[18:33:40] [Server thread/INFO]: Closing Thread Pool
[18:33:40] [Server thread/INFO]: Closing Server
